[22/Oct/2024:11:30:11 +0100] [error] failed to connect to mongodb 
getaddrinfo ENOTFOUND mongodb
MongoServerSelectionError: getaddrinfo ENOTFOUND mongodb
    at Topology.selectServer (C:\Users\dell\Desktop\backend\node_modules\mongodb\src\sdam\topology.ts:610:30)
    at async Topology._connect (C:\Users\dell\Desktop\backend\node_modules\mongodb\src\sdam\topology.ts:463:22)
    at async Topology.connect (C:\Users\dell\Desktop\backend\node_modules\mongodb\src\sdam\topology.ts:410:7)
    at async topologyConnect (C:\Users\dell\Desktop\backend\node_modules\mongodb\src\mongo_client.ts:596:9)
    at async MongoClient._connect (C:\Users\dell\Desktop\backend\node_modules\mongodb\src\mongo_client.ts:608:7)
    at async MongoClient.connect (C:\Users\dell\Desktop\backend\node_modules\mongodb\src\mongo_client.ts:520:7)

[22/Oct/2024:11:30:11 +0100] [error] failed to get adresses 
Cannot read properties of undefined (reading 'collection')
TypeError: Cannot read properties of undefined (reading 'collection')
    at C:\Users\dell\Desktop\backend\src\collections\productCollection.ts:26:47
    at Generator.next (<anonymous>)
    at fulfilled (C:\Users\dell\Desktop\backend\src\collections\productCollection.ts:5:58)

[22/Oct/2024:11:35:32 +0100] [error] failed to connect to mongodb 
getaddrinfo ENOTFOUND mongodb
MongoServerSelectionError: getaddrinfo ENOTFOUND mongodb
    at Topology.selectServer (C:\Users\dell\Desktop\backend\node_modules\mongodb\src\sdam\topology.ts:610:30)
    at async Topology._connect (C:\Users\dell\Desktop\backend\node_modules\mongodb\src\sdam\topology.ts:463:22)
    at async Topology.connect (C:\Users\dell\Desktop\backend\node_modules\mongodb\src\sdam\topology.ts:410:7)
    at async topologyConnect (C:\Users\dell\Desktop\backend\node_modules\mongodb\src\mongo_client.ts:596:9)
    at async MongoClient._connect (C:\Users\dell\Desktop\backend\node_modules\mongodb\src\mongo_client.ts:608:7)
    at async MongoClient.connect (C:\Users\dell\Desktop\backend\node_modules\mongodb\src\mongo_client.ts:520:7)

[22/Oct/2024:11:35:32 +0100] [error] failed to get adresses 
Cannot read properties of undefined (reading 'collection')
TypeError: Cannot read properties of undefined (reading 'collection')
    at C:\Users\dell\Desktop\backend\src\collections\productCollection.ts:26:41
    at Generator.next (<anonymous>)
    at fulfilled (C:\Users\dell\Desktop\backend\src\collections\productCollection.ts:5:58)

